-351.543663 -342.048511
-109.166065 155.367027
140.761513 312.859830
-183.899178 227.282491
5.636123 -216.620088
776.849581 -109.966077
-82.282180 188.597821
77.080272 -313.519205
-66.163993 -15.272545
232.178808 626.107176
-408.864081 27.456379
151.094869 102.426169
-455.299814 267.574724
9.143137 574.751291
93.154880 -179.061531
-113.496728 415.694551
-137.744748 -101.580824
6.215072 12.326524
-25.545026 173.399467
118.221767 -239.331300
235.777564 -85.291940
-576.566482 -384.200901
33.680287 42.795891
77.533223 330.196448
-276.029061 -242.365024
657.946538 -249.245656
-445.803330 -390.876657
17.597391 -222.733629
355.984248 479.848594
-389.999203 -1.583653
-591.865555 -20.081097
-435.808933 -108.656456
-127.724096 -380.149844
-73.332436 43.600908
90.024750 -39.064726
-247.511241 401.956386
185.856893 177.502145
-65.975819 4.710198
-57.658242 -21.913407
157.477973 -87.983048
-517.894212 17.655986
-377.662483 -239.345816
226.015453 85.888924
230.265035 185.793066
287.366175 -24.299735
-184.452084 -520.215125
86.633871 304.440222
205.701459 -44.507474
-323.947930 493.502724
-244.264854 7.618502
-21.908163 233.540117
52.946480 111.226835
486.816973 -5.588415
-521.347053 4.560224
351.644888 171.218511
311.186859 27.527751
-27.870162 -370.077555
251.929438 165.874488
-378.825184 296.164759
191.305372 317.497365
75.936624 130.719941
-143.908874 424.107360
-52.442436 380.903299
199.539126 1013.806994
55.388956 -128.224964
-40.405202 -230.050648
-291.055048 208.339162
3.825392 -1.488959
-244.561490 557.820090
858.215202 -15.371102
-293.261904 50.759934
36.817351 12.792705
83.263408 -331.148929
-176.047376 -341.651928
-672.651479 250.756600
-448.779621 301.084339
484.857762 565.158329
596.875856 302.590558
255.096128 -2.968761
-46.264273 298.038664
-139.522795 487.413563
-142.370469 -119.458624
-357.668588 2.119193
-694.933469 -548.567062
306.313099 807.762836
-107.143688 103.064863
133.441193 -40.531151
22.726644 471.095615
101.940296 300.872200
-146.472603 617.222556
41.842226 -140.924244
0.564562 125.411819
94.132267 -276.482033
221.983584 427.789753
349.424754 -500.510820
390.951196 -3.608370
-227.041559 -131.367816
308.316321 13.526773
-324.542445 -59.470086
148.887851 -151.201911
