Error
4ABCGA>E7HD;1C.54 B 7.56?21;D3-0?D 0>->A9>< 26<2<AC,?,9 F?-A12I 2>41;9 ? 6 AF=0H >>@@AC=>9/5: 8 9>2E/=?=<. ?H5/I; C/://AFI0FF ? /H4:B;.>F:?39?I94@/<7<9.2 E/><.87I544E,1@56EDD 7I8HH27D90 :@;F; 35H-FF2G0F.H HEA,?,1D,?7-- 9D<;785.6<=;GBD??5</:.4G@925=,0H.7.81E7C71;/96IG3I1:3/F73
FH4H .<== 0 .7A,=B>0?54-I.; H.923, :=G.9C=6/H?: 6,92-23?613?AH.890D B<;0 .2BH/-..G043,7@96>H8C70-HH,>BA1;/GH:G.0/B3I-4@ >4AHBH3C0<C058.9@C8/6,DGE26;,B 27?669F8. -70A9 H?@ G/=@A. AF3C0E <D@/ 0BA1043>:H 11 G1>-7 C424 ==9>./@2/1B 9=<>D>,31@9,8G79C 050 @?65.DF457;EG;=?5GD ,H3H982E;9/653: :>585 A?< =B<- >DB8=E  9011=@ CG ?F<054 I,9H?4@D?<<6,EG733/ 2?843: GD07 6BC E>1; 2,<=BB / D@DHC25:F2E6IE4B43,6;.:?-63:16--:?/.I=F7BCI,/C1AC-,IC7=,C<G<H-58A ?4>,< /D424F G= IC@2H/?1024?99@A@3,-.::EFIAED44D:0.C7 I3A0: =A==/E,8G  ;111>83@/;/FGC..2H:/8 =@ CD- @C: ?=/F8CI9:CF1GC 8 ,/@ @A1?E=:D@H979- 2;-I  E-@:.@@=67CC -, A/?6G69.2C829DH4D@AI/C-B-IF=1 37B? =  ?>@:DFD<G=@90 -7G7?,:EHF/2?06,@/9I9@15= .F5>? .E?IFG7.G-,<;7GB> , :D 7@DCBB35-5@H 9G11 ,>F9B< ?/2 A4B?2 G4 2CI:73IC1>-FB0= 35E?E<8G ,8 9 .:9 <9?8>?B :?0=D2.1><>F 17.HG72GE2D< / 
 13I21,>E7C:3 6<4;5B, ?;21D<4I3G9> 06D/5:A H@GDA E@/16I?1/13-B5IDD1;<5=C6DE4762>2 <3<ED7/14HD<G /?2 .D@:<803@GI?GI=FG E18I;2 AC=G,3C292H,., 39I,-62<,8=0/E 2 ,H<E45G;?14G   ,II<>G 3 BB?:EIC12EH-E3GAD?/6 ,=75<:@ @02- 39.:; H4 DI,-  F G282;2H9=H;GB-F/85I5D?HAC./9B3/1 GH3 D ><66I C7=H?3 7/9?12?G?8F=I5@0- F 4E/CF1I?? 3@399>, 2,3./A-B2,8>@;@,:105@,E-;-G3GF   7 E80/H4181 B0? G>DB6H/ 2,2 F>D76;9.=6> =H-FB4= 5058E>,CH@20 0FD.:.8I8E3G8>FB/F1;@C8 A GFAG?1H FG =BA2  92/ F<2C.990DD>FICDIE<8;?077G.0,=@?1>0;>.CH6C@-<10: / CG/IF E:63:302-6F  CAE455 >H, /G>; A 3.5<4H/?5H.,@A?:B1 ED8>?FF-1FA0=,05.I5C; E29=C/FD17 2;H1A5CGHD><<;E=CHHH?D15@;5.A:1?.1I5F6G=78;9H C=:7BC.FB6BD25G.G5,<:1 ,5/BG1 3907E5=.18A797@@ D;1.,?E/BG2BGDIBD I<::,7<E; 43AC.4-<EII843?D?88><I .-5 /=6HB1 B9@F27@577D/?-04H=-41G <1;9.?F;7.C@CFBH<81A?-@5C ;I8;<EB8,BCC2@60 @DA/=3I3=H/5@/1,C<I>>.B0G F1DG0EF -9 ?6 9 0EE-1;  32 2DD/ D5D=I:GI48@C 54-6 H38IB/6 H>69:A.G-C//-
Error
Error
=5 6  =8C<6 H.B.<-,9CA.II2   E7F8>29>2C6I:0H CG= /4>:48> 2I? 5AH0C9@.I2,39?152:@826<2C1C4 @.@?4,37? C:?/,==93G,FIIA@01-E:9IF4,@CG?C127? B: 0G73A370,33>-<4<CI4C..1<=FC; <D-H<4 /B.2.D  ,>.@8/8H39H5= ,HA?0I C<B>?F?GA.G1  -F?.:C6 AG/I; .=6/:F0-0GB2>8?<A43;;8 EIHI C;?1 E,<H =2 A2,C@8D23I17>;-/CD>A4>,79-75;@8@ @?=4 ;;4F ?D =792?-C, /3G@E4 DG:7E<41= 9B:3<0/.:0 ;58>B@:6 G?DE655.09346 AC/,0 1528F  >>  7F /-/-9CC.3 3 92A3AGB ,,<4= EAF0871 -E <5,,E-@D> @BC?43FC=9,   8.78A6/H,C1A29H6<=>: D/A9 0FC A7G D;E FCH34@D57,69D; GB77, G@D3? ;2  1D/=<:5 156<A>,>A B335AC60=0E>> G74AD5?2?83571>847@ 5DD,:4: 9DG3G<H619A2A@21=>--0I-I F0;A74I;>,;D1 G7B7 -;04F/A4>20EG2  .2G44<>  >@:5?7.;ABIF?IC->>9F03.;@@ECC/41 D/@62=I4.FB@06D;G 2 GE1C:A7IB,E3/  ,1547I53F/?91 54.0,F90,.51.H,77, H 28>B=GG76E2 B<GCH,0>9IE00?2>  -:20@ 1-;3 BC1=B,1:GGC 2B38,-.-/2,I EHG6 @6 4E/-/F3@8= C=2 . 0G @0:7=AH782B8G0 52H1A--=F78:8B=,B4 --?,.2IC 2GI 8
5C55C<,.AA5EFA0>,C<@IAE- ;,9408/6D1C@ -D.,>-66,B4/ ,F,=10>6ACDI,-9 HE67/4-8  A81, .=> 47;G-: =1@1<I/A84<;,7/=23660E:1E5? 3.I/CH71EC< 5B<:G>;7.F:H>G3  H6<= 36/=9.<6/@/50<G8DG AD.<1 /<:. ,C>79;;FH9@1849<HFC6;C /754?5I3,71,@875>GHEC-;3,, -=@1:C2E5=< 6G 3HE,4/0I137 ;2/1?;BB1G BC, D3< ;F?496GE/;EFIG/2;8; 2I,EE@GC5D6C-E@/3,?1G6527<<0GI85;6<:<B;/9E4 ?0-IB<550267>; 7.G :DHEA8/0 55>;F,;<?F,A-9,;B4;/F54>4>5>/ ,7IA@<4<4<14I@GBG89C60./;F4 B@I>?=-,/- H; II DA9 4=-/8;: :<4@CAB,A>?=?BCC<FG;>=:C@:6@/ .:I8;86=9=5//A.39,CA6=F;B<8D07I>63 <5,:A DGG?>D ,:B 33=F? @4?:,: 99@I5@:4?4BB6 ? 5DE@16 D,>9D1H=I=-9 ::45I6,DFG4@@9?2 ?C.<E80H;;1;A?E 4  :8=D 99; 1/FA/==>?>.>@F  .CC@172I=2 B :-D8,B ;:8 AC30>6D=@<.A7=50,2? 6,D2-,B9>@-A @042C@IHI.EF<@EG/= G.IB8: A/:E79C4DI=:G;; > 1.< 8E 1524A
Error
9: DG@/@1-:B4F6 -:CC/1 AH-FE<4H1GGA6>. 5:.= 7=AA0/6B@ 3>?@>B:C6>5 .82<CD25BA3 B@9,F6I@/G;11:54834AH:BC D<2;4B<9 I .,6>E.HDB1E,@64FG0:D0H;.4=::3:;:43 >/IB E?8F/I-I3:6<</E2==.0D3C=D,:6E I:7:.H/B74:/.0/:,2.5,G/=7C1 ,=2:6G2F ,D,DH?22 HD5I50B4I7 I00 I2I=57H?2>,1/74.=@G7FDDD0@D-?-H4.E4 @ C24D20@@ 1/A8GEH,A= C;7=:E/C99: -1-,BC-EH 8=2 4@H/<CCE> D70G6=E43//I,,D/IBH-B;2:HI7-65H, ;,C4; I:.?D408:>H;DE ?6< I> /27<:--13/BB?@81 H8.4?/.EG.71;0G-1BF6.9G=:B15/>HH5:3D?7A:5 9-
 72474B 6A:?8.0 2:=?D : @G> 6D ,C :E.8 F396<=-7 G E?=2A3A6ICF=DF@E<@/F8GD90 0F.=B5 I,81-:A -9. I@-H-FI  ,3F-G >> ?85=2D.F.>>?I8? 38A4 , 23/E,C7?@<I@B9=-;B447D1? A ,G9/.?@F83,1 HG>F :EI@2 ,64AF:,A/ F4,E//E 0= /?<,8;0E/-,I=<F AI: -CHE3E<1-A.<4B@6@72AA1 -7?9633FH/C83<G.;,4? 3F5C7@G?> /H1H5H,8 F1E F9?; .,BH-:DG,;@47D:9-1G:.45:81.? 4G@;2I?1IB=I@0@ :D,4@FF?I =?88 EHF6>E01068;?C,  8 >39:01B,5,9<:2, A C67514;H:C04 .88 8?/HCB;4@@-,? 4G57.  5208/H.BE;A7 E830@9D7,6 856875-1/D7F58:3-46-C@?H?ED/52 GH<8 E=6 36B1 6>B;50540B/ B<372-=D8 : HH,CGFI2-= I31>-< 0?B>HA7=91 ;C:= F1G0  7B=/DCE1D708E.<C6>H0,/2-/@6<,4EA401?1=6I GC:<?>EB ;?I0=6 3H:C 4EF IG0, =I,.2B=4DC1 15;F1455 F5/0 ,38:=>/,HD2,IB1781/:2>3A: 7I0<9I<8 0>.1?117A79; 5=067?HI,DE0IB<3 /6<IDI> =8<H7/?4B769A=0E6,71 =@I/==.HGD<FC C@<@;/3
A=< C.-9-D =B?3 A9:A43 IE-D700;8 G=2 /0G0C>9B;80.> C4?=I:H6@=HH-3;4B?FD80-F3  =4:B>0@?13?-  DA8= DC>4H,8<@//<,, 05=I<<=F:F7>ED>. 2;/HG92C 7I=52/E??>. :I@<? ; H @2IB1 95>037? 
Error
Error
4DFB42>/H:H,0=E C1:9.@4= C540, D40 5A.F9@; 0I?/8FI8 2?:E62FB9=>::7 ,7,40=<DE7BEDC4DA 7.C:0,07A=GF53F 2 E3 C?51 3?@@7:;3,HCCI= H, -527E<.71 1 2B;3C6A5<H?> 8;AC@8<C?<?,9 B-41H. 0G H59 :AH5 :5 E->. 3?.A4A522;D D0 D73I@<96I?42:=H--B:@3.29;?3D78 ,2  .4-1E;DC ?-6CGBI4 ,G;:-H?41E>H>2<<>9-6CC54;E?G5664> B.1B;CGGD0; 1=31A:>H;,41F./1,,:E1>-357@0D@7  8:3FF- ,0@A:,61>G8D 2I< =86;@4,F<4@F66 D C,@<, ,D.:<;4@-/;.773;B5C @,A>@ 9<-?A/51F;7I681C,0<G/ I 9GEA> 8G27 80I? 8;:3> ;2HDF> ; H4:->79A-@ABD B 0BG1B0:G?>C@<4E /0 /7D,D 14;GID< 78>23 AA 5<2/E86/F?,911 2H80=/0F.3A25,-A  ABD 1H:,E  I8-.D-< E>E,-E5DI B2IE16G> 900=HCD19,8H:1?0,.H 9 3BC>4H;77,14H4B.C,IG7DH03@F:4;.D,H15,-D1.A6?3=D1C,@6D@@-989IA =FE9,< ,7:/;C7H@,1.@<7GAA4I:-/:.A1;C;FB9@E3B4F551,0A9B@B1I- 6>H:1-F,2..B/B3 .F?? 87I2I@15H0:CDIH6GD0?,;4FA55>=>?45 9 18F?G4: 8 9IG9=EE./2/8D7=6G @F?/453D HB.9-1@22B/-86-01G;,HH9F1C3.FGA0= =-0BAACC@A0C?F-19= 8H 0;374953.9.37HA6 8,,3,917 E;GB@:=<;@ -A3DB/8DH, 0=HA4
Error
Error
Error
 -2:H;?EDDC8@G8 ?33 B-H1C30F383-  2>6?0 H@@.4:I8C @@5FEB.A9;9 ;I-47= :?0202C=II>B9@;>0AHA:7A/18> 21> ,/ G1? A@0@:.2H550<48I7 AI0@B9FDC D5=-F <F ;:6245DA81;FC -DDD4.C16  -6444?0@E-.> ,@<DB<91I2E<F,@0FH =72 D5 BD;-G?<51C3AE11E;8H:.EH6FF 79-4.G 5-IHA  73>1.= 3CCI 414, @8E5G=> ?9>2 C 3A9H.;0,H>3:I.33 F GB<3=7B 7?@0<@0G A  60297>H2E1??BH98/.<0=G=76H=6C-:9>4H  ::5?EA490.. -86B,FB /5A1:;74,C9C98 9..E,9@G -==:4/5.@C08G-?GD6H-, B,<F3E<H0.5? 1:,I-ADC/;A61BC,>HI<:4 - E G G 9A,<4.5ID2I1/:D<3.GA<G,D<20.4;F;?C<8:76;.C 9378 E@., EC4;5/=9EH@/A 7.I00  E@AC68I1B7>07A> 93=?> >B C;;G9GB16?-=8C04 =EE1-,1,F,F8EH70AI .B4:I93:IHEB<7B22:HE5 E6B;:CA 563F7?5HE,A?:I@2F>F62475971,2 G =, 115: I7@AFAD2,/755>D;GD.:>=56;?9 1=0G.AF1F?HB5DGD>C5,8. FBIA93< 1G11 4GA<C/F88< 7;B 5,;<0I<90/-696A56,B/ A388>,<C=>;2 <B,:4>A6F  . 2A8::CFD54-;@7-9; C4 ,B.?FD755 .> 4B07G.596D:DE/56I:.@E01  
Error
Error
4B,. @F -;9I << =13F, 1.  F>C7/>5FG;- G-:1/ DG@:?2HFC=?7BC,DG9F=G;=82>--G<HF5.3:H<:D B@1@>5=8-G/E5G=9/I6-:-B<: ; 0? <71 @/1EBAC;/8IF7E,;:5 9,,BF  BB 37 5<:, B=,G699/2GA384F1=0F.DBE@ -=./GGA69B1@19E FI=3C39@.:/I5;I<3D=:1 F53 FBG9: 16;<A;3DE> ? =,I  ?,F/>F566H;;,4>G61;GF5D:D IF<E9H4;2/12G-/H , /0 C@=;663G1B>HD6-  ?HH79FI86HH3005GE:,I@@,FE:D/?B4,  CE,FDF
Error
 BC>1@ ,1F=-46.E90=8ED:. >@ D-150.;?164>0I28>/8AGA5;DAA>HG@F;G72@IH 3??6;9D=;@=7->; 7 ;?8E8AE9D,0F@F2E600F0A?H3>/61==9; ;89<B. <>3GE4/ I87A./;A>63<-=9;7>3=H92 :BGBI @5E<5E5ED1;-2AA34=.,;AG< 7:GB:0;-- <>?3>I1.5BCIG H :2FIHC=.39;/>,6;I/G;7?:5<
Error
Error
Error
Error
Error
:6,G7227= CCIG3 7FCDH1C9C A E7G,F/.E/8/71 75 ,4I:G1@E/ =C,3,4DI:D2I I4:F,BI@6/C?GI1@,  H1DB>:@A:;38,6I=A.4?6-,19:BG8C;<,?9?69@:93.82H2<?58=0 60B/ <  <D74G,<ADD2. 568 8A/=A-3.:>9 ,B.E- ?= G> >-6-2 5 0G< 0@>>;= 3F.>C  ? /?H F 5,/3GGD=8@ >/:C:50>: 9>8 D 12FF :9.-32@5< 9A0?<B5>H,79B6 55 836.:IC<>>HIH6;9 >G4B.:0 7E6;083F8?5-E@= ,734E 9?? H5I=68G//C 86GI;I0=> C75@1G6=2::9:FA1H,59H :/FG8I -C0<<:D-8E0// 07?29I05-7:<7.ICGI.: .E00=?A>G>E,I<23/ D7<4H ?.B  88-1.5@@,6.8 /@;@G /9EII.3GA 8,A ?B/00I832G E49D39 G@HDF/:=A52<F5,56?D=1 B-I :F.@0?D?,1DIF2CF:2,:D-F;?  A:,F3B9,.1.A9I>:,;CCF94 .: 968 7C8C660
74.B6AAE?I  > A:.B,@1@?E?G0F6B-; E1=65 6=0 9:<,;?@1:0F28D25:/=E-9I;4B3:B= 8D0H>BCDC,4G< D
-D= 5991;31>BE4E,,E61AH?=-@ CD4;D E/?2=6C=EB:B= 9D>5.54B2  3G>E,B 91F 99AH9I25 2EF< =5HI53E <:=5B42:12>. >1@ .D<4E42F.340F1HI464IFCHHD8/1;GH.=; I5CEC>0D-.E.3 CG/>  I ;@A358G3934A3;=G>45<1B2=9:865 7A 7C;3@1.,478B 6=7 4026=/G;:FDA:/CAAF2DH-. D/88-7</ < 463,H1C A 8=C0H,3 G@B=935BC9F-8I H: .=5@ :HG 5?: =6 >B>2I>0 3H1=G3> -H/ B..154,? =@3B2 9=,<=@ -16=HEH.009=,5;  F7D,7G <7/?0 I7 ?F>1,D<E38 B3@0>5 D@9H ->?AB,6 5G977,= H52=HC2B  <1<- .E6FGB0I,>G214?7-484D2D00FA/>587@@ 1BDGF=HE7H>?9HG2 =19 9CB1=@CBH6@8 FD0D  :D6H
Error
 5BGH;>7<A-H<C<=17G0/@4/62>I:@A1 2D5AB-31 4E4D,;7A-DF.I8CD3: 3E34?-83BD? F.=:@0<.9H6D.27FC>28 3.=.=9:59 7=1H88E- <C@.2,D?GE ?615B-,.<98FIA;E78,/
4I6A1DCB2H?3,-5B8C @7F,I37 46 F<GC;2DD.6AC5<B?@08-.0A>>;?I  A5.1E=;77@-?/2:E:5D.: .<1E: 9EB3?1B;><:19<?-F517?@?G< @0,B F48?0:0>0>:FF/33BF319B1 ;-GH2??9 -I=H9;D7<2.>G=>. I?HHF977A C AF7 @ 9-DFDC?EHH@-2 --?<<BB 3 H77-==48E>:E-DA5?@73EI.8:2</222D5< F3H,8 G14G:FB782EH/4H2=<.H=<H-@I ?2:2 7F1D- 5,<G6,<B=?1IB5<11ABC46 E 9?.?57:3;E?0C6EAE@<-978D @ 35.67C/AI7 E69 G:D;C8D1: ;:E:2@ 3-IC<:9-@  1F / E, =19/B:9066B48,:9A5H7EH 12F 3C D;,0H,;F4D803@F1G89EIF5B => EH7;<4 C.>=:6>B:<HF<HA:75-84>1/ 85 AC:/C=1=3?08>=<.@ 5 HD 7 D.3E181= 493A.00034BG17BGD:0 @, F?-B AGD5<??2H39?<06IF38@8= FA -F1//>4I
Error
Error
Error
  =4084 48 -BD .A-I.F/F9?H :.A=E-C,64 E636H0 6F@,<< C=-H 124?<H94:34EI2. H9?B19.C>2IG; <B5 .643G?7B:?>8;.3BC?G4AE7/.95,>3B  E8;;HF,I <;.E-?F?5,2IG0>C?G3 4B//@ .405?HG46D@;.GG 23<2<>F>3:>A2G<F.@/I G >B=-GA,G/?A@5HE HE-7F9/@9,9FDE1 ,FCD-3 -:,=.<@ H 303DF9?97H6/82 ,9 H: 7/,2C5: C3?  4/;BI;I439;?I4H C;1B//4D3-;,/B2A5-;?3 1A8?--@>F<@1C177GF,1077 / 460>/<>E21 0G-AG =@8G I 7 ; <1/GA1>. BA?D</1E<<CAD9/36.- 860@A5 F@= :8.01-@ 03IB@B-8IE7 FG=; = 1@2 9C, 37BEG0.5859.0,/ I>G= 31@,0A A99  /;2E I4E68F69-?/F@3<@@0-=:I7A;7= I 5 -8C-D.H6->5G5=?/=75/2= 1:;HCI9HD55,,G7 A=< G/  1H/?5 6@I/01/5 @?D IB=2G4=1-1@?95@/7;H .5<=10  <I:=<DH/;>8-<>24I:1H:9G>5DIGE91  D/= 93<4>GH2E6E/34 CCEH? ?F46./ ::C  -01 8B=5,I>4,  -D4 >7 .B?15E866 H9.8- AD?<D,6@-6=>I<4F<D/8GAB ,2D0IF3,HCBG6-2D13HC :A::HE43:6B  -:G.=62<IH7 ,F,1AE9BGDH754.39.G5@: G? >09C1 <<45GAF21ECF- IGC  F/6-<HC409@HC2</8,C //A;6C>=IDE/7I6.A0-1AD35B  @@B/4993;06B1//,I0E->I1>8D/
.=7 @727546 0/=HC.1?C/A I0.<632 7E B =,F@@G<7@98098D @@
Error
 D1-9B=?@:H0?IC=G51@ /55 5C>AEBG2G4?IB8F?@0G<<47>10.H2.,?98G> BCDDHC -EH=4:D5=<F-  >5-3.FD@I/74I6  4031?H;9E .<:7 :4386G-E5:,:FF74II@>F9<<C6@B6D5,7.A 208: 2 2:,5?6?/ I/I   AA .?F=A9;7=;C5;94D. /;>:  ?13 CE>F<26 .5A1FH5?A5,9A@ =:9GGD/  <2=<BDII,G>D84 H80H=<D?I<F8F>30< 04.B9 D?DC/;379A57611/ /3= F  9B7CH-132I?1I<-EIE3=7 /AC:EIA:D  .EE5> 78D ; F3?CC,1C> @.:,<H3@,1>?C5A/2<HA?:<HAE:@8   GD16 =>/ :G@3<I -..0359D C2>I,7GI0;05E 03 B9C7H>.6B=B@,7@F5>-<-1;?:77;:.A<B.4>> C4>...5IG  F :/0,.7G7 H4/0-:7?0<D9I -AB.=0,5D7@939F=,;6C@-H??A-;: -D4HE77;;;,?940:,->< @G2=/3G0:@87/<CHAD8E1-A2=8658B<00FD05743H7GDFH< 2,<=6<.CC A@C I=>EA>12H-47-74B9 8-6 =6?>8 57?I<7 =8 : @<FBA7 0E FIC8EG49@1F@B<.;38F@FH< 1I<:F>IH:I5-9,AE37  H5@DD@E81,AB74D 0:>5 FDAB,@G:;08C CBF>>8GB,;CB>C1II 4>=.:, F7:-@4BB:>7>03  =D=37F3GIF/27/796 I>,?9;>7 -<<.I 4 ?2/G ;2;0=D0B94@F I26 8<F 2?@E>,HEB0=,-F2F2D>02 E@E7>53H>5F3 .D93G@6?>;:,>GIA28 <E6;=2  ;2,  C:>E224>6F8GB0-BEF,,EF=/?BE5A
D 5A9H65G4C?D3E CI E95@ E H6E A47:8<>,E2<=D?FGE><:E7748,8@HG0 =.5AB9E/17=, E576 ,8=C=:66B28D.F7B,,>C;F-B7 -C4<CD42E 7II>>C<211/ CI 0:,?<8B3:8F :4=:=:?: ? >-13AE/CH9@?AB06I=7;EHA :.-GB5 53930D ,;D3D< 2.F:,5>H=F1:879 F7-6EE7497@ .A-9=0>0=E00G/F;7/=17:B43.FI5IG;>GEG8CI24I D. G009/ B B 0 @/@;A45?1A7<-82 .C65@C2.G:-@ 4,52 >I??4D  ?B0  A95?<22HD9DHH3 C,H /128I 3I:=G- 2>09?;7?:1,?<>EBC@< G:IH3>,GHE3FC5DI=B3D7@<;-4C-646>F/@/HEG,?196@B? -:-H2;;1<1<399DD;; -B;D3H/935;1;9  <;?1: 1<B<AH2 <@E @ /<9?2H2E@<73I;H3;=A2;G>2BFI6@E3  ??>0>C8  C; ;.3@9 1B79>C3<B3/CAI>.?67F.2H78C/5:CA.CH: 7=C5F> :I3,9246-DI7C0 441 G 2F29? > DH>6 <?42E720,?1   ,88/5-E
Error
Error
E>,5?C GI :992IGDB36B8/ 6/I/./A5 @->H4 IBII?85-  ?:;:-7<EA1;AH19<:
Error
Error
C.F;IA-9 :?C25=;0 0G4- F D3A2:60 :0H?B:5D;;@,F :.4756?H?/D1,/6H8@G? 9. =-H@26BH@G0<:8>HB>18B5E004;C7B-A8 1<20AFD;< DD;A0 @7B.E03A2C96FE-1 ; >1,8C1F6H C<H2301> F,G2A3;9= 024B-5 @ G-@.<6=D448@DB.B<5;II4I55C<-FB3H/:82 ? .4=.DA E>2H9G;>3C/5;>8,?H.C4ICHI10-DI26-:>>.:>@A>4@7GB =2D849G/5A2BC, G;.;II?  4:0I=6-,3AEH6.45=,5F<ED 4; 05-<< 692H6G B3I2=;158 BD62= GI1G@ G
02.3;58G;/H/A2BCB50<E-B ,EA21B.2A28,-/1/>9/=?/.8H362/0<GA>9A.5/010;@ 0B@F54;GCIAA:A,;=FHI0=1;85?@<>3 H3;6@B<6AG/CC18D4-?7 B :3<G9@<54A<E4-59608CH?/2 5 F?3@?:C:H344B,BE H8>;FI@9 32;9DGE<<;D7 BHE8,>AB ,8F;?1?1<H1-=:7AH0G74?ABD-BHB-8EB6H-A2H2GF3BE@BD?H51@<8G /=1336GE000C95?E5/IC9<F, HF GE,:/55C2/C?B470D;< @8;,3;F65H; G >I I:/;5>?F.D/ = A1 C-1-II.,22H./ @G5G F:I:H5:FC3 B/F>74A0,.5/H  =6;9-0.>44;<80@G3IEBH>/B/IG=,94-8-II? /8;@F,6851>:7490>G-@ .G4<=2-0G<HGF;A5.:5= E6BAH;4415F/;B>->C13, 9E,88GC-FA,E/E FB  ;?GA19FFI;7B?8H 9,56  E@/:/B6,EAIA@ID H H??CC 5..= . -@FD8?5D,I:59AH .G 1>;A <0/< E39G3?1D4B2 62>54/>>GGD> D-B1=ED3C0:817:, 9 06C/.? ?=@>I12?;?E2-?>02;H CC2B  ,/58>8GH /F9.-?0  4BBEDC /0297>43I,H 0DFI2I,
Error
B  F3-?/43FCG 4?7 EG2;5CB<4->ACB/:<0==B @97??D74 ?8I68E.81?8F>?.H<<<3><-=G1F4=I.3A91H.DH4IH 6?3 2<I9=5>>/5@??:;0 1G@ DFB8 HD;<3BD6E;A09 <85DH;/6?>92I3F9;I23;B1F53==A1 6AF.89D970= ?,-<0;, 13 < 5.5:4;@G 09/D-6,@=CC=4I:35 D FC;  =07 ,>3@/.3?;BG954> =3H@60-?- .;7A=9 H @-8 ;E0 B6A ??/3A;-/,0:HF;CG7<?FA 0;81= C---F<21I5  F-C<.HBI.C1 ? 6H.EI<89? 7 /37A1@0>H >/  /GI
< >7//>CB;653429IH= 6:;:,F>;<54,G41>19F>94;GA;485-C56I8-:;< 4@;08=B9C 7 B:F =4,C-E12/?IC < 1IC? GG. 4=?:7B /2449CA 8???3@67.7HFF994. 633?35 F@=45?  7E5C8<5C/A-,83<  I ?9@ ?F06-@9 3/ /<75AE,6->>4@BA  >.5.32E0 7.H::=,8<.=7-B>H,?G0G= /CE181  209-F@1-6@ F ,:1919F2F GAHG: 39FI?.C B?5?HG9D@>70I/1=BH8FH9?0E D>:?6:58./B-0:. 9? :B, FB.,,4CHE,11@G68  I:,:C@4H9@92@@5.@65I.3 2>>0F 9FFE38>1/E<2 H502@/H=E<=F.
6EG2.E-;<:9.1E??  3G=3>E2BB GH-@; 1=0I 3/5A-/6>->DD4?2GI E= IA< ;;77BA3;/6F;3B >CA >,2 =83G.IAA .EB.,3CFA.I.35;/:HI3@BI1I.;I>@E14E 8 .0G?E9I5;BC4G ,;G < GG4D/34E C54359G7C7<<,B <3.F<2?9IFA<8GFF166024F73<9C9FC4 -8./>A6IA8 @=93GF-216:ED.4.I35;<E@150:C-:6D E<9?->B<.4/ 3//33:>E>8CF44-2 5BBG GA>D,@H 27GC=6 0. 79?7A7A6:>4@530,1>?B<:F4D2==7;,:3<,<6: 4<<-E4,E3I9.8,:G ?2A28/ 1/-=@055I52B ?/:??0,ED:/9/B@;F.I0 B7I8?7 ,166=8I 7;F/4C7 I./2C-265-.5<GFB;?0/3A2 ,5: D203/, 8773D?A C-93A.C1328 I/;?6EAH?F  01B3 A>4 34/2  -A2D7 B;H7.91./3B/.:B9H9,HB45E053@50/9I8.@8 0;;G99>2 =<:2C1A/AI  50673 @ F>EF3  39F0,?0IE0HF7 G.2HIDD? F?3.3G<,  H/1=:F28 /G81:02?8F 033>.<2/F2F<2B4E7;D? 59@.H5A  G2CC ,9FB/,29>>/83-B49 B <F D ,65D:C2H.@4A12 3-6-/@,/69>D:@>?ID G:7,E<=A.F/I D3C=B8,/ .:6/5= C583 @303?=;H2B8AE?3;;822/B:4. 2  77;FI;B5 12:
I;70,7:>1H>?@-@B.5F-:EI D.?2  329H48.>/E/8A@,1-@, 1F@@I;.5>4?.;:<HHA,-<45/: <.H0E?6<A0I3?@0DC;G/I  5ABHAEE-65/0=6I-<9E4:78 D;,.0C=5/=3   / 0D9//E  7F.643I?H;F/01AG>84.<9? 949?=EH?<G <1H@=HFF.2D 2GA@ 5B@>0D: . 6E./1 G:>; D, .37GE@2,204FE6  G8BDH3A .EC?4@ 8HIB1E 3:5;2E?/66 </ -1H -10: ??I 6@?2<.6-< <F? /-?=3?F2CFF5,0.I?C4.402,DHHI706 BI2F5=</9I8<A1787-/<B6/-@ //;A-E3<<6@35I= .;G->/H ?BH7959G.E/9A=6A<@-@1 .G-32 /4, I>30A21;@18931>E9FD6- IHHF1AC2D@C5HD HF:@?F06 DB@F11IB?B-=H ,57?6C@09 >4:AFG9G:7 /8681I=6F.>3 B?BG5B/6F, DG7E<DF681 :G2-/55H A:F8 ;9;   -E?901:,5F 3-3B.H,AC/==5@;;4B5@17 C/@,ACF-4H7@H.-4G>7CA0>?>54@IFCG:4.6,0GCE? H2E8=94:G8GH,F=9IB C26D00 A5AA09/@3D128F/- 
444?:9 :?E8H183?B.G-=29 I2I/G/ 83E4< . :<5 I2:6 =76:54FF>1F19BA3E:  ?BD?I?HC I?H28H7,:5AAAB-DB FBH@,>?G>D,1?0CD<I257?GE6:<43H,/ D11,54<48 -F41F2I,.8C<.H<G3=<175 A ,F<D .-?=38DG6G4H:6H,;D-1<.5:A33/CC7/8A3 ?G/ 7.:/?1724,29 H2D> 36278F5@9,1,0 ?GD0I6IDI5B,AE/7 2 60@ IEB-?ICC.E<8  IB9@A8;3;6D2B54<9@7C,2./:,1;.EEH;6;28 ,60.,B:A2FEA126<5=-7ED:B>H =61- 83H5E@58>BIGBG;3>4ECH3,I@--G ?BG01.EIIC-2@9.3  H?E4I2ECEG>AI?1 =- E5.:-E<EE22 D5H0?53EEFC :</F<E2DH?/?:?C@D?;BD3,<7A?3434>A?<H=A14 H22IICE7??4,?=-:2;80IF,/C9/;5EF -?9674/ = -:.D=84>?I4-AH8,D/-1D;20 4 -2 6A 1.?/A1 =B6E=23--  DF-H;>-AD=1>I:64
5G8;?E@G.F8 8405/3,56/7>HA8-H1@>-1D6F:0:FC<.-9 A 14H937I=I.0 ;;0;?5 18CH3. 44B3:7HED16;21D5C7I45-A,/@ IH1<556DAI??>D = 5I 9/IC1-3@:<>:EA04 8- ? I-,;:-G2A;9.8;:3 5I>5./H4HH51 I:IG4>.7.:;=7I@B C 3F0>04 D1 03;:- D 75@C52;- E64I;,.445092 ?E84A :-A69D/ 57G9< 62DA>>/80HHC=<:?I3, /ACG44@8?B>1?HDE7C4-> C,3>F7E7A926:18DE;DFE -H,H5BDC0F,<5F5G,H;???6G A>42H4I0B A=E,?/ FDAHG /59A0:;4D2/9A 0B@304HI:G,7: 0. G87DG >:73/DD<0G7 .0--31E2?>3D0GIEEEA/1:I=0D6-BA/ </19,0420F=?>16I9 0?7E7?C<BC6->.?D.<?, ; @,>3D/=I863AG49/>D 490.,6:> A420F AA-F57I@,2 A5
Error
=G:/8,@D CDI8 0 2-1D D,3-;F,4B3F<CHB88C473G0D1EB16A3CE=@F>;C?G<:3;. /D>4B@C2DE-CH5 @;9458D7;=87>4,-C3::DD7=D6 04700F =@;E8;G07E5H/,089F7 /=G@=H37BH9>94E6<E5@D2, FD8IH 8D8AE8,7G1GG/ 6G1 ,,>0A?4?81,706G@=?F 41.76A 4IB 2D.7;,2 5C8G ;3,@9/EA40=3I81C3 I8 7?<A> 41924 :5 1994E-B-6 /1=D6?8/ AC6E47D,D.I9 50;3DH6C,D== ;A1DAI/ @> 7:HI5@;=AA=4/?<5;:C71= <3IH4DF?67H EG,,CE;E4- @;B@7, B6 881>HC>@:>7- 2E  7>5<>;-=:C77G-I0I73F 4I42?15D0HI@I=/C 7HH  8.DG-<4/->D8 A71,6EA@69C5966/;GI-HFG:8A ,;>99HF0C2
Error
 I0/  5.B.;<0AA9.DFB,:A,82= 7@,?@A4 >H7,8/ ,>G A9G9@G,3E,F; 69-@ 3A6 48:550F-?1 332<HE:4 9/ 26A9 > I0 3,?F-H/EF87<,;: /?:8 F@:D30 I/-06H@3D<-@0B335  F:15E:G7>G=,2F0G8HD,3A925 D<A5 2B1C1-C42ABI >.48H.:>9DA9   AF27>886.8 ?45=:B4/</?E=;1.DE6@2A60B98:/  G08/4737@F-186E;EA/> <6.2@1/< ;@@ 7A6E/7,;F 5HGF><8 B-8@.E33/G 
Error
Error
I><@/<=1/6IC6 H6: ;AB-FB=CE7<9@5B?55665E8?B8821=BGIA7<?436 > >>79:< 4A=6AC;>I,/>-9/@A0 FE;?C;408./;HC 4<: 64: 
6:.>GA03-9 :,.H:=9:8H6<IG,=30, B:8>DAB5;/8A3.>1BF,D3B6=,<C > 8 FII @=59>D,5 G3? = 4GA4</2H @H @,H=7 =-.5=?G<>. G-<4.7I.B ACE8<4/8H:I0F=:,;/0? H 67?55?AA5C0F135I/C<: >6A8752?/?? 8G022>> C5I-C18 A6C3 4>@E 6/C@ 3-  07GBH@3 8AF 9=AGBF;60I;A 6F3.0FB82/2FGI4-5/EH09/-3G.,8G 5435F,HA/HF<??E?D20F 5F@6C34FC9087  8-9G @4>@31 4A7>9B -.@->DH@8:303 C>12<5, 2C:1-73-464-@ 7A7;H.H == ICB563? A@IB?3/?A,268,,.F5D<EAIG>12974A7B:04=7<H 7@49CECI9 48GF;0A36@G1G75-<,980,I064D?FH534A55<EG.0I;7D4 9,,.BF8 -59>;AE .:9 =H;D2D151<C /D/?E ? ,1>: 7I.B;<4,;03 F7;6<:: - @9?< 5BC 3I>EGC8,6:,BD H ;E>IC=I5GA    >5680==:>95<0B0 <>-CAB; B5;@:F@2 G:I246A?/ , I@ 73C;;F EI>;09@C 8D6F3EFH01IB8 -B8C-> F>:C@3FB4C=C<H;,A?0GG5I@:57E:I:-B3;EC1,I?@I3=G1@<24?>C - 8,75F5@<F4DF?D?4</@7C.@I 1/H/ := A-B  .-9@AH67@,>>464 A F1045 ,IG5II;H/B /A;B?.CG B88 ;63F0,=AA209..6-=E/6462.?GA2GD.F/BC-B>4>>F7596/030,.AI3AE=A?61564EEA <BB03  6E2:<3>5/ >>6 <94I26<? <G94H-I0H/D;-G1B@ 6  H.A670 <4?1:32D4G,;?AD.>5
5 B407?IB.4BEE  97@3 I= /BHF;326I4G71=>F3>>DFC@32GD64-@ ?B5FE6,>2 =8;@90@?20F0B.I9G?<1D9-:A@/-G7>D 1/ACH,846B;I>6:9F,AG 12C.0I/6C? 47=;B> IBBIE2?EC-<3C >C5 8A7? E6 <FIC G38  1<1D1=8H9HHB7G25C6 =C7@<7@6C2A.83/I96A,I/,7  2B @79<:I=@32>?95ABI7;8./9E5C49HDE=4:153 14F20I>8EE8;116, 1F77?>H: G4>E5 <B36A1;0=3-C7;H30C G3F0.0@?1D7 -5;<A>3/-=E<<;,4H-7?.?2F=@3F/74@H;FF7 BEF1DD21 2DC :<@7A;.-F66
2;B,.4B463? G H-/F038:28=6>/G9397C/3G/<DG?>;A.3;94071 E371@</G:C. 0DB4I.>E <@B>8 50@30, :2.8;@C312>CI87:,3G,63I E9< 94?1:=;:<7D59H2EB 2/H 8= : G3H .3E=8 :0A.@=; 459<,8 -D6:CB<  E05-=80>9C76A11 31I  6-  @>=1G354DEE@H3G:5F6- CB.4<,HF1C1E HE0;I:B6.?=GAD@05.2/=:85G :7CF/A./?= 61 4G B< CEE15F2H 99G;D; HG= IH,  ,F01B<?,01:@E=7A2::45D-I 04A9:.8 <CG5D>8.0 -:7>.A>6 H
Error
D=I.8 6 ..6?G:/CF;2@<I7.@>,8H@, 08?@.=:7,3. 9G0 30 9IDE0 7 20F=--GCD<GC27/F9/>?A?/:2-=6
9425D 0 <2G<7FFB,,29A0?4,=/>H884=07>E< 20-/.7  <1:>E8/H9C C88EI;/ II9CII;<-24.I.DE CCBG=7C?0> 5 >DIB,;8 85B-,->D6D,,2<I>2;--0.E.
-9@GFC/@G:6=1.E<DD6?8.D6 IG-8,,,1 661.;?.1C=4 >>IG22931A;E558395@:5=7I8489?/2GAF > 1C9 :I :E7;?  =3 0,.< <G @IH06  /H 9AA4=F :HB  A5.,. ?0 CD  B0I   HF5@ ;EC  7E=E@ 5A6AA9IE>>---D2BD> 99-6E6?46?,8F;=;55-6CA 0IH A7? E?2@:C?=A7D300CA5<=I? ,2H:;C868A .= -,EF-,0..3=, 9 B,2BC< 6A;8-<D93 05;FBG:9A0IB;IFCBGF 9-@8->0 1A99D0006 13C3 =9@>IC1@ C-9 9<I 3HA/AAD:7 ?BF,FF;F 4HBI14CB3<@5@BH0E@./A2;=H3 ...6;@>=?3F@<D5CBF72CI ==:I167,4C:B ?@,6FHEA78/- @HF ;2C=?CB.0 D .9595CF=97FE/:3GF@ 83;/H 877C?9 C@46>G/;8-G:C3?7C@6 ? 755>-DI22-CAB2?AD3.84 ;AB;<B=?2C 3-GI4:A?E2=6>=2E2H9H9.;8B 6G<9F3CA:,94,.0=I62,3@:5/3:CI ,I1B6DAD/ >F   DF47 9.-/<7I 5 2,=DEA@E 9 -3/=4D /5C;0 372@ =38 ,2>,E/=,BC2;A?FAE>H6EB5E5 2AI-:<>BHH H451 H:0 C8?C=5 B;:/-9=F7DA8A:,=51 B:BG;? >D59F,0?IA1 6<B3 < :8I 9,C86.?  44.A7120H0?C,:DB<:/ GI9D:I@@G369H?C 0;8I 0:/F 9; A>06=8E9BIGG/040F>9B.F71CA;,E 7F,E 0 =::G2./?@< GE;3GC/>I>5 /GBB / 84.5:@3C :,C G2I;,-F   /:7,1A=891,@5/4  I6.5 8 ;533HB,.8
>994;H4,=<8DA A I?234 28C/>F:1 2,;--<;/C=B2>0,@7?0??0@,E5@ -D5- A HFI A/4CA/:1:F;D.1?--I<B@.C =I 3;BB,C 4< E4F2@>2GAA 6  FGG9.3H@6DF: :.E4<<8>@ FI:?IBE.F:  CG0 ?HE2G 2ABD- 5,G 0;3/4 1HFH6/@77I 72.FA:B7 6D5/4EBC,1 ?2FA3@F6@9GF>C502C45EC 61AI<I> 3@7141G<F1A F?,@3 </ 9CE7<9;>1,F5@E86G6-E6827IE<8 A>.H5273 E1:9= 51=H@  H7->D30<4>F:=A4/A6C86FE@.G- ,E;-605/60/E8-0E9?>:@G;< 6?GD96/EAE- 7,584;4 /877?G =A  G -H737G8227E42 A 6BB ;>7CH,7,D08H6BF0 5I,AAE?3<.B-3.G  C0/ <A
Error
7-5.@5F>FC/.1A 7I,21>. FB,;5D?7F I552 E6H 5H=1 :<7H,F=;0:-/E@HG16BBGE 9 D5FA <, E2,E<;0=F@?9:@1FH. ?> -:.:9.H1/E87<A9I698;.>H35C 0C/: /A@-/:69 1?@872?=3GH4/2173>D5BDB<<200@0B-HA C8CGC9G->5> D4@F, FBAF:4:7A3/;:8BBA?8D:/?  G <;6E6? 1 ,-D : 2/ <,656;86 B  E7D<4:7, A/32 D-96  HH0/3GE;I?1025?C7>7? 78AI<FA; /4IBFI4 /9:6A/4 0196//D;. IDEE:A1;,8=< ;48D,>30E8<FH;H-@6-=5?64D3.@1/3.BB.0.85 4 ?.;6 A/C<I;21<:;1@-A0:2H0;6;D = 8BH- =6<=? ?CH3 .7:CD- FFH  0 @> ::87; 27A E7  7I2C@: 7AEH<E3EI;D5E .;/:,I98-.7A->@F 6 BA>1>@ 00F/E@,.14 G?A8,? DIIE@/;G=0GI @-26,=A6B;@>5.,<HH9C;3G 5C0H; 6  5BB><:17 BA2C>. =E=92GAC<-:,:2: BFH39,?,6 .8A0046E=1=7F36AHD> -34B- D::2H?A15< A F/06 BFEIFIGEHE6 9B:6/G7 C =FGII:- ,CEC >C2B1-<9 7,89?0=,0@ : ,@CG.B=4=3 56@? I2 >C8/E6/8?4DI1;,.1F9<BC50>FB
Error
Error
Error
Error
E ?BAD8H>:0G ;GFF< ?HBE>0 <5<>9: <0EII?3.6:A7? <H9>304.? F3 .51F.:  0;?0C77I-<6 /<B<5.C428?9A.,D@C20<E 63E4 ;41 .AH:5F HCA60<A@:;F I/I1C;6?5/,5H8 , 8-/;9 B0D@?64G<A D>A,<=A;,,<;C .=H51ECB5 5=33 E?@8= =E/E:9C1   2:5 @I4EI13AG>DA9= E7D-;>B . 474F;;8/I->5H6C:-A1=,E.=B?;53 @??1;6<FH H60 B5D -0F<;,-@/<=F::090 9260375<< H7F1: 4=2 E-D5F79AH.GDF3<GFCA8/I6E1? <8;>I5- D6 E;?0E5<@BB45,@ 1A626:CB9.3=3;D3B=A 610I79; -IFEC <D:>B/  00 H95=<.7 H3C5H1? :7 ;/ 2B?GA71<>.4G:1 .9E/ 6E::845GEB<  4A-9F.,7C1E< E3@156C026C= 2D4=C-95>E1 C1002B/B =H2;F7/:C64AI18I5A-64,F: 1,>961;GD; E=8G.B;A?.08@<-D-8I /2E30I5E=FEDGH0/5575004 5.@8
Error
<6; 28,> H==C70 73.<1==4CD2 GDA?;=7FB;/;II5<E E9=I@  H:3E2HH0.D4-< AIBBC29@-  //,.3H89G7<;I8GA5DC3F3GG 3E2,B99=G1@6>99DI/70E98I1:H,=-A00FEHE:DF 67I8,EE<286 A4F6FB-HGDC /;I5 @/>. 6G6C8/A B<FH,>E;?2 ?5<; 879ID-949 D .B;00:G/> 38F:89<8C:7C5;86G--F. 79<<>:EC?3?G3=/;G67 DB/3A:G.9;CF 719/B80 I:>8I6F<@2CEC8-D3 B F6=5=.:C@=DC-, D:5:H?0?-;>=12/6GI5>-3 G<0;?@3>I=?2I: 1B= CEH =2
Error
Error
9C>8;24;D: /;1?C/.=?@:55</8D1;33HGD9  >=0-F., HGA01.G?><A=-6, ED7,04; B:  I:>4A.=E ,A855G 1   3709I1,0-:1;<4,3H/7.>F9:H3A/723:HD1  H2A: 18-5-<D1E -H5B? D9DE<3-:06B ABDC3  ;;:E  3==;D > ,,52C-=3>D /IEI-3.>>/ G A.D7 ,,,/?>1? DH81-8;/: I8HC D4,1<..1 0? >8<  9EB=F.2>,H31H=F   I6@8BBB:>6-F==.HC<D:8;BEI7:00F77. 29<B 7A@;I./F=IAIH4/2-AC?8=8I A.D7=
DH@5I02<@B30<2F 0:H2E1D,7B<6;.7@-7:2;>D3, @1,82-GG; D6DD9/9A3>H9D 7A=8CG.C-HI2I75 >F G/ GC5;5;C ?E=G=GA54BE,BI4 G;AB= 4I I7?28-?B;G>E ,-3G=59 />=5 G?, :?37016H 9 =BF ,0-,1EC@B>4A ED C7@-06;2;5/0G;<<>>>8-5/GI4 <C9CB2@?=@@6I6C4?8.4E?-F>?84 41/F-/  88H@23.B5A/7956 95BAI/C,8D;6 -03H8/6= >9:/-5F2:7 2C ;<=BHD20 F;/3A,@ -8@BCFI4 G;HI>9IA8/5?-B;9GC8/<1A3?043FD @ D,I >- ICH393<?>F:4 0H:4A. 5C5;=A2A8/.E=9 <7C3D3 <2-A 4-A4;4EB/7 B  H3B05:G>D,;3@,=,31>FA@63 135H1<G26C217  -5ID6@976G5662E :-G,900,I>32H.CH 1;  4A76A/:40.29I8 9I0>4BC;:G8;6F-481/-8:4A0D6= 3;3A >78D:38-08C0 G.F75EFD4-EI>F<C4@H6@545:9D;GDEA.I =<?E9EC9;,AC G>-9 HGE.G</4D?G=2-  @H/ / <<F0,9CB8EH>2G94,1,G:5@1>I@EICEH9C@46  >;,2.<H<,27=DI.=  =5<1; 4 ,3B956?G5>C 43 C CC@3 1 7-6GH 7=B B4=<G=GCD08@85=4H<F121C6IG5@G?BH:9=D/,D:1<H/9:?  B3C/ 99,2<46-B-=>> < ;E>8=994-84<6CH,4:0-G3,A89>15
E@<0A5B;9/2126D=G87 7D2?948=;EFE@-C/F EBB82D>@H<BG2??8F3;?/>;7 =BG<I8>/:-AF1;B?27;524;<EB;6,;7/H?H 0/?C1IG,-: FB17I@3 E13 9A??  >8?F>2.70 93G4DC:9IB9C-0;C EF9-D>.;4E;C7EI,/I:AA9 2?224-=A/8 =.:DHIFG<B?B,E4.1 E<@: 3@<>0@8E>/ ;H3=DBA3G C@E.6;H?<9,3A@DA2I-H?>BA;:43250I:492866-I7F.07@0??-F?-3/H=8GF8.;HD8FHGDA;9C:=H  0I3FB-3A,@@-03AHC2 3 6?I/33@< ,865D B,AI97:C5B0>B CC@?B 3=0FE;F-B6H0H3H75<89 H,2D@5;9 46I5,D8 3IE7?5D?@;;E , <IB905
4IC8@;3H,C:4G= @<H1?39?C 2?8?47; C>  771H59/; .59 ;EB6 >8,.25<GI448E. F @ 2AFECD?C:;;A0:/ED0/:,F,8D6.6F=@8?4F8?9-3C2ID=-0<.5DC>1<  B8> B>D.438 5H6C>3;:G3/ @8>3E >D.DC5G9E4 95E2;4B7= 3CB,-7=1@@6GII <6=6F, H@ 5EG7@=>788>9CI< 5:@9;?F4H B F.6=D-IBCB,C:52F,:4-9.-8@E:8@8;H46CF<C 3?6<:H1=  = CI7I>?8@ :8G.6DCII2A-14DF4;ICI7/ 6 ;5C<-@4@:>4- ;-1:A7DB@AH= 623.G? EEIC 5A0: DF95CHBGDF; 5.? H8,:@<.80/3 CE C<I>F9=  5D45 >G /,CDC/??1 AF3H:>/2I3G 53@A27>BI@,F-=;=;2;C/<28D@ HH/ <; 4E;  .>>>:B1 C9:/: 926:. H7I-?,AI 3>A@6;;A6--G>15;8AGFEE?3E 6.>2.3 679 4:D-7.6<F9>:,37HG;@5 3?47BB39 95E4<4H2HE;6:A33ICF>4< >C ><H2 7?E>41A54H@6I6FB7<.E<63C- >-=;2/ >4A15:,4 E7/DC83??/, 0H6; ?A;-/. IC>47:B2?E;FE8DGI3>F<0-EC?651.GI,I1HE 5GDHAH38 -=.;30G 1B 2I;8D 1<G97H73C128HEE3>.2?H5 IA?1GE>H  ,@@--0 D>4 9B5F6 =.B9D @3 A5GB17
B7F9 ,@-2@ =A;B @? A A>559/?=1:<A@1 /9?GHG5G<FG H8>3/9,,D41;C=7:5:20;F,F3-8F <,> ??G7 F16,.7 HF?,3? BB>6,/A?> /AG<;I4H487H<AE2==.-I2I8 4;>40-;@39F?A9>6EA,5?1A;?@ ;40>-?I9E3D 8. >-.?5277GB@4= F;>0F-D ;F9E2 BF/;H6?A<8>.C7H@-26,3, 4 4<B 3B>2 /5 7=3D<E7>0G/2F.>;4A25:BA21H1B0C 17=5=0F 9G1=07HA-@59G B, H=GD@2 HD 2-,21,F5> 3G ,AE AH>9>9B>20,F9../5148C:A6F83 @=C-H0EA3I?CAA??1G5EI 4/2/=D;=EDCF:E>0D52CH2IF-/-6.8,CA>F48E.6-> ;397H/3 @8D8?>0;4D57D?1 @?.HH?38//DD0 >B7A;?/I> .57= -/69 ?C/.,4CH:25,H ?:I,453   <H,6ABB/6-??;BI@:I9;?@GB5- 3- I> <8 B;8I546 3H< 9GD2??82588,>/-1F0C-86=4: 9 D86BH/E/7-=5 /@  =5 8C/:4 -7:; @<,@?3GG;FHH6@H:8 67B-C7;.1E,6D?-;?EE3E1//,>D/5364?633?6?B=14:4GF@1AG5;>4;;667B4- :H3? B.@8,3@7BGIFEB @<>-@38?A:9F4G..70 7 B <=G>:  @9<; 9G4GBC>.G06835C>= ID/G<H.1@-H:2-A >;  DFDC-=D1--/2G/G@:0;7;-/?4/4F0?/=/D3<AD5G22<=;43B>-?-?A4A/ AB=/@,7C:EGIB?=06>H4E>-D,;4.9  0F , 3=5C1<EE@6G73B,5FA537BCA0< E7446=6@E> 4>=6 2;=/0G4?,9
Error
-1.HCG3?1,960@6I>=>2<68I ?=>GB@4;/10:@G@?E@ 635 .,0 @DGI @= ;<;5    8 D-,;.;D0018=8@3 - H9@ D567I3=CGCDA4/=D8CA.4E:8/;E4<9-5@2,/;A @F83: 5G?6E<@:1/?<6-@E >5 F9;E04BBIHGE/,-=0>8< 070E-1 ,F2H>72=3C129 I65>?EI/H25-34:547 G056G 7 .F<5.90-9, /F@2I 4? F>C:-4,HE7?B7 261HG29.B7://0@5 H:-F16/F0://I2 ,  =5//=,<   ,1 @2@4GE,/=. @??1 4;7@/1>5,50CGB:/.CDFB41G01BE5D?C 0.
Error
DD0:= C/3G1=3/?F;1C?>@?C:C/F-555 ? 2- 0.B A >F-F.7AC;;:-C7B9CHH;I88A74D,D0I  ,B6 .3?FC?;=72CB44 -HI47 /37@/D2BG85C45- 8 3/5;0CC-IH .2D9>B:A6A:80 C6@/9B79DF3H >51F0=A6. C4D7</8:49C.9,A-G2I/ 5-H B@2 9 DF;1 8C89H5IC5G,B  BIG; @5F:?2=F457=DC4G-G> 63,9 3  -<?C1 DI:HB.9=. 0,4@:6C.G?G4HH>3F /@> /==;/A@-3 <>@ C94:.H5F45  ,/I6,6EF 9GIE1FGHE/: /6,, C7C9CEG2< @=:8B6ID75=D1G.E,408769978.<AADG/.E02<> CH3H ,0F  C9  H=1B>D.D>BBD;4 ;D?F>FG7;<D28<>1=D60644G7 B--B6 F4G64:= ,3=4,=I84<7::CE,2C, 1 AC G=/1:6 H/E  142E@-E<E=3;@  A0C,;<?@@G?15@B@ I:F/EAAH1>B,GC94.4@G377H2=8@G61;:<90DF C34I 2= ADG:9?>-5A3@,>,3 BF7  G48739 H=>H  E, 9=@9/7>3D14765614,4G 7B5F1= 73G1/54I =A>5-<80D402: GDG4C?.=1 B 9G-?3I;>>,8;AH5/9990H@; 6?E,D0DA  5,9B  FA9> 6,44/ /A690<.D< E56@5>  .0FAI.C;0G64:>865B.>:EC .6 9<?ED4BH->EA,?7;BG:@>0=?<=DA-,?:5734/60?72 :F5 :5@>=40>9B7.@6/8E81./196I5@/F9-AF:7FCG9C08
Error
Error
/5=6:-</</E2FHFGG1@DB7<C/95-I8-8D7/C/4?A7=. 44G.H21?31- A 6GHE9408@E2;65?79< I;@:I6DB30-@6HAEGI4@6 4->;=C48F,C08B <:?9G>793 58IC,,.3,C1?<7F:>55<1: 95GC300=1./ I=,5 A= EB@5D8;?C/,=I,=0D =/ 43EH>:>I/?<A, I;.,8- 8H7,B1<B;HH=74BD59 4;<0/27?IF:H7EF6:=<@G?C2@ 5:-EI F/EF781;61/E4F 0;30@6CFC6-0.8DB.25GDI4:;/,/ 2.3A/.. BB1:DD I4E<G02>6,.:D;AA;;.0H@780 @:4A3ID009;F9 78G0 0C2>,1<9>88D?,:  ,GIF FC?:DF<B.F/CD9F?5.>?3 B@ B>A@3F8I5;  0> =I73HC1 I>B9G4 @G< 5 54C@@E/ ;F2.>;-C/E47 H?.I F 328GH.2FFI2 ;FF E .;93879:G,=>22E0?:H257?7= ?;D  8?BD?3I3A@AHC31 4 4,?=:9@,@032 0=3@C:<H//70-3C.< ID F7@HEG->1;2@4?2 A2BB ,.@;B@B HE<7C68 5  0;52C7HC,1 <D0.<:-/74H 9 71@</ 11=G I02H?<7D0>:<IB7I1-44?58B23D0G3 90 E74>26 B B>4/?6GHB=@:D 20F@F =@4I>D <8C @.9502G@=039= BA7B<F921>7CECE5-1A6,8 66?13<B 789910:@4@E
Error
Error
@0D@152I E:105.C59:?22E>9/;<G07E9/3B 7B/,D8 4-> 08I?I@G-AE96D81<24<8C?DI8/;.H,8 22A689H1>36D7 /G5F812: @7 BI/FE4 25B63D5D=7C4EF;4/8- 29.F<=BIF 1C5<398/ ,. 8.>/@2E:B1E7=BE77=?E@A.< 0CA=/> A:H-0 2267D@BA ?:?CBB, -H2<-B829/ 5@ 6=9<7CD5 ;G=/@I=I>H>E09 H;,47<15 85HC;=CH>24?IA1/88I90:-;0.EA>H-C:7/DD,@IG?@042C 98H5H ?=?53ED7,4@4EDA,9D3<< 688E; @9H ,7  A86/ IB0.:2;B0?G2F-/ /E H B5 >3H8A:6?CG D;.:9222A 61? /3.= 6A-73.; 5G1E. <>0F>:>< 9 GFB=B-@G84,C648 AD2H9. 4;:/:E7<F11A?0<1 >,,2BG<>F1CG=4 I81 6039E:,I0 ;7  ;33 @4.A:A30-7G I@E86?:66.8B.;:D <9.:1IAEIH8  E9/=H ?;0E9==>>>F6;F@D@A6 BE:@ 2;CHE024G6036 4F?>H428G-:2-B; ,/0A.I ,:=><78D <3 7,8./HB7>2 .B:8E,2C; >D?>7/?=60  / 19=/:=4GAED@IC-33C52,=F.3-H@? 2BGH33D/A/GE36D/ ; 5;.:9.?.73 55H29?IG>3E1H ,5 1EF5G30>?709 FH@E1?.6@./ 9, 8/?3.E.,81,24847@G>8C0,24 A14 :D>@B 54 :C H0B B A:8/ ?;A C@19>.:=7321E..D3-3D9? 695C,F8 .0G- 85 320.1C80.5=B336;@5?@:;3-0D0C21@0,AEFB0=G>18E;4A: 9G?E6E8DB;-,.0280:F.>I>AD/;5,.E38;.4HBH4=66 F>B14<DIA06-
 8=2>:CA@B:F?=6E 1C-:73AI>2 43,@C-3BA1@  /FH-?>87 B0,DC0?>A68?@1>8=08:C9-. HIG7?G A/D8;092>?A5F4?EH 1?B<<EI1D;2<I25<2F2?GF5;H,?. B511394F7D=AF.H>I?26;?:. B,5=83 .68 @;6B097B 2.E A/: ;><=50H=/@<:GI@/=,717,@DCHBE2>>G8 B6 /?I<=;A 0I2/I;0G=E96H 38H9;<3IF?<8G0:B./1FED. =IIH F: 7E <G<@:H@4B @B,E7,=BA24DA811?AH2H4-01B=2F <>586<8 .:E36G1,E .20 0; E@A <?A8?CA9;1,BF6E <@:,ACI=; <5@I81.931B?DB.5;937C 1 /1 ?@-<@E :  -F89. H A:IH5, =>59,;68,/>CH;-FD94EIH 22:.. 4 
Error
